<?xml version="1.0" encoding="UTF-8"?>
<!-- Generated by org.testng.reporters.JUnitReportReporter -->
<testsuite skipped="0" hostname="G-MacBook-Pro.local" name="Cart" tests="33" failures="0" timestamp="2020-03-18T04:42:19 GMT" time="63.184" errors="0">
  <testcase name="shutDown" time="0.159" classname="Cart"/>
  <testcase name="setUp" time="3.637" classname="Cart"/>
  <testcase name="setUp" time="4.758" classname="Cart"/>
  <testcase name="shutDown" time="0.234" classname="Cart"/>
  <testcase name="setUp" time="3.532" classname="Cart"/>
  <testcase name="testG033" time="1.472" classname="Cart"/>
  <testcase name="shutDown" time="0.213" classname="Cart"/>
  <testcase name="setUp" time="5.146" classname="Cart"/>
  <testcase name="shutDown" time="0.228" classname="Cart"/>
  <testcase name="setUp" time="3.560" classname="Cart"/>
  <testcase name="testG031" time="2.769" classname="Cart"/>
  <testcase name="setUp" time="3.491" classname="Cart"/>
  <testcase name="testG032" time="2.327" classname="Cart"/>
  <testcase name="setUp" time="3.556" classname="Cart"/>
  <testcase name="setUp" time="3.606" classname="Cart"/>
  <testcase name="testG039" time="1.567" classname="Cart"/>
  <testcase name="shutDown" time="0.230" classname="Cart"/>
  <testcase name="shutDown" time="0.173" classname="Cart"/>
  <testcase name="setUp" time="3.576" classname="Cart"/>
  <testcase name="shutDown" time="0.177" classname="Cart"/>
  <testcase name="testG041" time="0.859" classname="Cart"/>
  <testcase name="testG036" time="0.742" classname="Cart"/>
  <testcase name="testG037" time="1.418" classname="Cart"/>
  <testcase name="shutDown" time="0.169" classname="Cart"/>
  <testcase name="testG038" time="1.701" classname="Cart"/>
  <testcase name="setUp" time="3.502" classname="Cart"/>
  <testcase name="shutDown" time="0.267" classname="Cart"/>
  <testcase name="testG034" time="1.321" classname="Cart"/>
  <testcase name="setUp" time="4.915" classname="Cart"/>
  <testcase name="testG035" time="1.521" classname="Cart"/>
  <testcase name="testG040" time="1.989" classname="Cart"/>
  <testcase name="shutDown" time="0.219" classname="Cart"/>
  <testcase name="shutDown" time="0.150" classname="Cart"/>
</testsuite> <!-- Cart -->
