<?xml version="1.0" encoding="UTF-8"?>
<!-- Generated by org.testng.reporters.JUnitReportReporter -->
<testsuite skipped="0" hostname="G-MacBook-Pro.local" name="GammaTestSelenium" tests="2" failures="0" timestamp="2020-03-18T04:42:19 GMT" time="0.178" errors="0">
  <testcase name="endOfTests" time="0.001" classname="GammaTestSelenium"/>
  <testcase name="shutDown" time="0.177" classname="GammaTestSelenium"/>
</testsuite> <!-- GammaTestSelenium -->
